A D/Crypto////
A D/acl////
A D/alt////
A D/analytics////
A D/apps////
A D/base////
A D/blogger////
A D/books////
A D/calendar////
A D/calendar_resource////
A D/codesearch////
A D/contacts////
A D/docs////
A D/dublincore////
A D/exif////
A D/finance////
A D/geo////
A D/health////
A D/maps////
A D/media////
A D/notebook////
A D/oauth////
A D/opensearch////
A D/photos////
A D/projecthosting////
A D/sites////
A D/spreadsheet////
A D/spreadsheets////
A D/tlslite////
A D/webmastertools////
A D/youtube////
